#
# A fatal error has been detected by the Java Runtime Environment:
#
#  EXCEPTION_ACCESS_VIOLATION (0xc0000005) at pc=0x00007ffedb041416, pid=19364, tid=16416
#
# JRE version: Java(TM) SE Runtime Environment 18.9 (11.0.14+8) (build 11.0.14+8-LTS-263)
# Java VM: Java HotSpot(TM) 64-Bit Server VM 18.9 (11.0.14+8-LTS-263, mixed mode, tiered, compressed oops, g1 gc, windows-amd64)
# Problematic frame:
# V  [jvm.dll+0x181416]
#
# No core dump will be written. Minidumps are not enabled by default on client versions of Windows
#
# If you would like to submit a bug report, please visit:
#   https://bugreport.java.com/bugreport/crash.jsp
#

---------------  S U M M A R Y ------------

Command Line: -XX:TieredStopAtLevel=1 -Xverify:none -Dspring.output.ansi.enabled=always -javaagent:C:\Program Files\JetBrains\IntelliJ IDEA 2020.3.3\lib\idea_rt.jar=51729:C:\Program Files\JetBrains\IntelliJ IDEA 2020.3.3\bin -Dcom.sun.management.jmxremote -Dspring.jmx.enabled=true -Dspring.liveBeansView.mbeanDomain -Dspring.application.admin.enabled=true -Dfile.encoding=UTF-8 com.mbafour.mba.MbaApplication

Host: Intel(R) Core(TM) i5-8265U CPU @ 1.60GHz, 8 cores, 15G,  Windows 10 , 64 bit Build 19041 (10.0.19041.1503)
Time: Thu Feb 17 14:57:00 2022 대한민국 표준시 elapsed time: 19656.453063 seconds (0d 5h 27m 36s)

---------------  T H R E A D  ---------------

Current thread (0x0000015e2f369000):  GCTaskThread "GC Thread#7" [stack: 0x0000004af8900000,0x0000004af8a00000] [id=16416]

Stack: [0x0000004af8900000,0x0000004af8a00000],  sp=0x0000004af89ff3f8,  free space=1020k
Native frames: (J=compiled Java code, j=interpreted, Vv=VM code, C=native code)
V  [jvm.dll+0x181416]


siginfo: EXCEPTION_ACCESS_VIOLATION (0xc0000005), reading address 0x00000008fff4f4fc


Register to memory mapping:

RIP=0x00007ffedb041416 jvm.dll
RAX=0x0000000000000001 is an unknown value
RBX=0x0000015e2f4365c8 points into unknown readable memory: 0x00007ffedb72cec0 | c0 ce 72 db fe 7f 00 00
RCX=
[error occurred during error reporting (printing register info), id 0xc0000005, EXCEPTION_ACCESS_VIOLATION (0xc0000005) at pc=0x00007ffedb041416]

Registers:
RAX=0x0000000000000001, RBX=0x0000015e2f4365c8, RCX=0x000000070e6a8008, RDX=0x000000070e6a8008
RSP=0x0000004af89ff3f8, RBP=0x0000015e2c90eb70, RSI=0x0000015e2cf2adc0, RDI=0x0000000000000001
R8 =0x000000070e6a8008, R9 =0x00000008fff4f4f4, R10=0x000000070e6a8008, R11=0x0000015e2c90ece0
R12=0x0000015e2c4a4440, R13=0x0000000000000040, R14=0x000000070e6a8008, R15=0xfff4f4f4fff4f4f4
RIP=0x00007ffedb041416, EFLAGS=0x0000000000010202

Top of Stack: (sp=0x0000004af89ff3f8)
0x0000004af89ff3f8:   00007ffedb1b37de 0000015e2f436501
0x0000004af89ff408:   0000015e2c90eb70 000000070a5f8b00
0x0000004af89ff418:   00007ffedb5f1767 0000008e9ae29e1b
0x0000004af89ff428:   0000015e2c4a4440 0000000000000000
0x0000004af89ff438:   0000015e2cf22bc0 0000015e2cf2adc0
0x0000004af89ff448:   0000015e2f4365c8 0000000000000e80
0x0000004af89ff458:   0000000000000040 0000015e2c4a4440
0x0000004af89ff468:   0000015e2cf2af10 0000004af6cff500
0x0000004af89ff478:   00007ffedb1c2c3f 0000002dc424bc01
0x0000004af89ff488:   00001fdf20bda8db 0000000000000015
0x0000004af89ff498:   0000015e2f4365c8 00000000000001cd
0x0000004af89ff4a8:   00007ffedb57dc05 fffff80000000000
0x0000004af89ff4b8:   0000015e2cf2d840 0000004af89ff540
0x0000004af89ff4c8:   00007ffedb1a9a68 00000000000001cc
0x0000004af89ff4d8:   00000000000001d6 0000000000000064
0x0000004af89ff4e8:   0000c4b3668bc974 0000000000000004 

Instructions: (pc=0x00007ffedb041416)
0x00007ffedb0413f6:   00 48 8b 51 08 48 8b c8 e9 0d 00 00 00 cc cc cc
0x00007ffedb041406:   cc cc cc cc cc cc cc cc cc cc 4c 8b ca 48 8b d1
0x00007ffedb041416:   45 8b 41 08 45 85 c0 7e 0e 41 f6 c0 01 75 56 41
0x00007ffedb041426:   c1 f8 03 41 8b c0 c3 79 4c 80 3d 2b 36 8c 00 00 


Stack slot to memory mapping:
stack at sp + 0 slots: 0x00007ffedb1b37de jvm.dll
stack at sp + 1 slots: 0x0000015e2f436501 points into unknown readable memory: 00 00 00 40 00 35 0b
stack at sp + 2 slots: 0x0000015e2c90eb70 points into unknown readable memory: 0x00007ffedb72baa8 | a8 ba 72 db fe 7f 00 00
stack at sp + 3 slots: 0x000000070a5f8b00 is an oop: java.lang.String 
{0x000000070a5f8b00} - klass: 'java/lang/String'
stack at sp + 4 slots: 0x00007ffedb5f1767 jvm.dll
stack at sp + 5 slots: 0x0000008e9ae29e1b is an unknown value
stack at sp + 6 slots: 0x0000015e2c4a4440 points into unknown readable memory: 0x0000015e2f546d94 | 94 6d 54 2f 5e 01 00 00
stack at sp + 7 slots: 0x0 is NULL


---------------  P R O C E S S  ---------------

Threads class SMR info:
_java_thread_list=0x0000015e2b599350, length=31, elements={
0x0000015e2a39d000, 0x0000015e2a3a7000, 0x0000015e2acc1800, 0x0000015e2acc3800,
0x0000015e2acc5000, 0x0000015e2a3b9000, 0x0000015e2acc9000, 0x0000015e2ac40800,
0x0000015e2b1f7800, 0x0000015e2b3c3800, 0x0000015e2c47f000, 0x0000015e2b6a3000,
0x0000015e2cb42000, 0x0000015e2b4f2800, 0x0000015e2f159000, 0x0000015e2f159800,
0x0000015e2ed54800, 0x0000015e2ed5b000, 0x0000015e2ed56000, 0x0000015e2ed5a000,
0x0000015e2ed55000, 0x0000015e2ed56800, 0x0000015e2ed57800, 0x0000015e2ed58800,
0x0000015e2ed59000, 0x0000015e2f03a000, 0x0000015e2f036800, 0x0000015e2f034000,
0x0000015e2f03a800, 0x0000015e2f035000, 0x0000015e2f03b800
}

Java Threads: ( => current thread )
  0x0000015e2a39d000 JavaThread "Reference Handler" daemon [_thread_blocked, id=11932, stack(0x0000004af6d00000,0x0000004af6e00000)]
  0x0000015e2a3a7000 JavaThread "Finalizer" daemon [_thread_blocked, id=19040, stack(0x0000004af6e00000,0x0000004af6f00000)]
  0x0000015e2acc1800 JavaThread "Signal Dispatcher" daemon [_thread_blocked, id=3560, stack(0x0000004af6f00000,0x0000004af7000000)]
  0x0000015e2acc3800 JavaThread "Attach Listener" daemon [_thread_blocked, id=18224, stack(0x0000004af7000000,0x0000004af7100000)]
  0x0000015e2acc5000 JavaThread "Service Thread" daemon [_thread_blocked, id=19712, stack(0x0000004af7100000,0x0000004af7200000)]
  0x0000015e2a3b9000 JavaThread "C1 CompilerThread0" daemon [_thread_blocked, id=11548, stack(0x0000004af7200000,0x0000004af7300000)]
  0x0000015e2acc9000 JavaThread "Sweeper thread" daemon [_thread_blocked, id=19464, stack(0x0000004af7300000,0x0000004af7400000)]
  0x0000015e2ac40800 JavaThread "Common-Cleaner" daemon [_thread_blocked, id=5860, stack(0x0000004af7400000,0x0000004af7500000)]
  0x0000015e2b1f7800 JavaThread "Monitor Ctrl-Break" daemon [_thread_in_native, id=10708, stack(0x0000004af7500000,0x0000004af7600000)]
  0x0000015e2b3c3800 JavaThread "RMI TCP Accept-0" daemon [_thread_in_native, id=20064, stack(0x0000004af7600000,0x0000004af7700000)]
  0x0000015e2c47f000 JavaThread "RMI Scheduler(0)" daemon [_thread_blocked, id=13020, stack(0x0000004af8100000,0x0000004af8200000)]
  0x0000015e2b6a3000 JavaThread "mysql-cj-abandoned-connection-cleanup" daemon [_thread_blocked, id=15756, stack(0x0000004af7e00000,0x0000004af7f00000)]
  0x0000015e2cb42000 JavaThread "HikariPool-1 housekeeper" daemon [_thread_blocked, id=15800, stack(0x0000004af8300000,0x0000004af8400000)]
  0x0000015e2b4f2800 JavaThread "Catalina-utility-1" [_thread_blocked, id=15456, stack(0x0000004af8500000,0x0000004af8600000)]
  0x0000015e2f159000 JavaThread "Catalina-utility-2" [_thread_blocked, id=21184, stack(0x0000004af8600000,0x0000004af8700000)]
  0x0000015e2f159800 JavaThread "container-0" [_thread_blocked, id=18868, stack(0x0000004af8700000,0x0000004af8800000)]
  0x0000015e2ed54800 JavaThread "http-nio-8080-Poller" daemon [_thread_in_native, id=10108, stack(0x0000004af8400000,0x0000004af8500000)]
  0x0000015e2ed5b000 JavaThread "http-nio-8080-Acceptor" daemon [_thread_in_native, id=18796, stack(0x0000004af8a00000,0x0000004af8b00000)]
  0x0000015e2ed56000 JavaThread "DestroyJavaVM" [_thread_blocked, id=12248, stack(0x0000004af6600000,0x0000004af6700000)]
  0x0000015e2ed5a000 JavaThread "http-nio-8080-exec-1" daemon [_thread_blocked, id=1284, stack(0x0000004af6300000,0x0000004af6400000)]
  0x0000015e2ed55000 JavaThread "http-nio-8080-exec-2" daemon [_thread_blocked, id=1040, stack(0x0000004af6400000,0x0000004af6500000)]
  0x0000015e2ed56800 JavaThread "http-nio-8080-exec-3" daemon [_thread_blocked, id=17624, stack(0x0000004af6500000,0x0000004af6600000)]
  0x0000015e2ed57800 JavaThread "http-nio-8080-exec-4" daemon [_thread_blocked, id=3400, stack(0x0000004af8000000,0x0000004af8100000)]
  0x0000015e2ed58800 JavaThread "http-nio-8080-exec-5" daemon [_thread_blocked, id=628, stack(0x0000004af8200000,0x0000004af8300000)]
  0x0000015e2ed59000 JavaThread "http-nio-8080-exec-6" daemon [_thread_blocked, id=18720, stack(0x0000004af8b00000,0x0000004af8c00000)]
  0x0000015e2f03a000 JavaThread "http-nio-8080-exec-7" daemon [_thread_blocked, id=17636, stack(0x0000004af8c00000,0x0000004af8d00000)]
  0x0000015e2f036800 JavaThread "http-nio-8080-exec-8" daemon [_thread_blocked, id=13136, stack(0x0000004af8d00000,0x0000004af8e00000)]
  0x0000015e2f034000 JavaThread "http-nio-8080-exec-9" daemon [_thread_blocked, id=3164, stack(0x0000004af8e00000,0x0000004af8f00000)]
  0x0000015e2f03a800 JavaThread "http-nio-8080-exec-10" daemon [_thread_blocked, id=18276, stack(0x0000004af8f00000,0x0000004af9000000)]
  0x0000015e2f035000 JavaThread "HikariPool-1 connection closer" daemon [_thread_blocked, id=18756, stack(0x0000004af9000000,0x0000004af9100000)]
  0x0000015e2f03b800 JavaThread "HikariPool-1 connection adder" daemon [_thread_blocked, id=22616, stack(0x0000004af9100000,0x0000004af9200000)]

Other Threads:
  0x0000015e2a39a800 VMThread "VM Thread" [stack: 0x0000004af6c00000,0x0000004af6d00000] [id=7864]
  0x0000015e2b3bb800 WatcherThread [stack: 0x0000004af7700000,0x0000004af7800000] [id=12372]
  0x0000015e07847000 GCTaskThread "GC Thread#0" [stack: 0x0000004af6700000,0x0000004af6800000] [id=7556]
  0x0000015e2c0d6000 GCTaskThread "GC Thread#1" [stack: 0x0000004af7800000,0x0000004af7900000] [id=18204]
  0x0000015e2c0e6800 GCTaskThread "GC Thread#2" [stack: 0x0000004af7900000,0x0000004af7a00000] [id=6316]
  0x0000015e2c0e7000 GCTaskThread "GC Thread#3" [stack: 0x0000004af7a00000,0x0000004af7b00000] [id=15516]
  0x0000015e2c0e7800 GCTaskThread "GC Thread#4" [stack: 0x0000004af7b00000,0x0000004af7c00000] [id=13724]
  0x0000015e2c0e8800 GCTaskThread "GC Thread#5" [stack: 0x0000004af7c00000,0x0000004af7d00000] [id=19220]
  0x0000015e2f368800 GCTaskThread "GC Thread#6" [stack: 0x0000004af8800000,0x0000004af8900000] [id=11544]
=>0x0000015e2f369000 GCTaskThread "GC Thread#7" [stack: 0x0000004af8900000,0x0000004af8a00000] [id=16416]
  0x0000015e0789c800 ConcurrentGCThread "G1 Main Marker" [stack: 0x0000004af6800000,0x0000004af6900000] [id=16144]
  0x0000015e078a1000 ConcurrentGCThread "G1 Conc#0" [stack: 0x0000004af6900000,0x0000004af6a00000] [id=8384]
  0x0000015e2c2a0000 ConcurrentGCThread "G1 Conc#1" [stack: 0x0000004af7f00000,0x0000004af8000000] [id=19848]
  0x0000015e2a27d800 ConcurrentGCThread "G1 Refine#0" [stack: 0x0000004af6a00000,0x0000004af6b00000] [id=19280]
  0x0000015e2b776000 ConcurrentGCThread "G1 Refine#1" [stack: 0x0000004af7d00000,0x0000004af7e00000] [id=12008]
  0x0000015e2a27f800 ConcurrentGCThread "G1 Young RemSet Sampling" [stack: 0x0000004af6b00000,0x0000004af6c00000] [id=21096]

Threads with active compile tasks:

VM state:at safepoint (normal execution)

VM Mutex/Monitor currently owned by a thread:  ([mutex/lock_event])
[0x0000015e0782dfd0] Threads_lock - owner thread: 0x0000015e2a39a800
[0x0000015e0782f1d0] Heap_lock - owner thread: 0x0000015e2f03b800

Heap address: 0x0000000703200000, size: 4046 MB, Compressed Oops mode: Zero based, Oop shift amount: 3
Narrow klass base: 0x0000000800000000, Narrow klass shift: 0
Compressed class space size: 1073741824 Address: 0x0000000800000000

Heap:
 garbage-first heap   total 260096K, used 153578K [0x0000000703200000, 0x0000000800000000)
  region size 1024K, 127 young (130048K), 3 survivors (3072K)
 Metaspace       used 66375K, capacity 68506K, committed 68692K, reserved 1107968K
  class space    used 8865K, capacity 9737K, committed 9856K, reserved 1048576K
Heap Regions: E=young(eden), S=young(survivor), O=old, HS=humongous(starts), HC=humongous(continues), CS=collection set, F=free, A=archive, TAMS=top-at-mark-start (previous, next)
|   0|0x0000000703200000, 0x0000000703300000, 0x0000000703300000|100%|HS|  |TAMS 0x0000000703300000, 0x0000000703200000| Complete 
|   1|0x0000000703300000, 0x0000000703400000, 0x0000000703400000|100%| O|  |TAMS 0x0000000703400000, 0x0000000703300000| Untracked 
|   2|0x0000000703400000, 0x0000000703500000, 0x0000000703500000|100%| O|  |TAMS 0x0000000703500000, 0x0000000703400000| Untracked 
|   3|0x0000000703500000, 0x0000000703600000, 0x0000000703600000|100%| O|  |TAMS 0x0000000703600000, 0x0000000703500000| Untracked 
|   4|0x0000000703600000, 0x0000000703700000, 0x0000000703700000|100%| O|  |TAMS 0x0000000703700000, 0x0000000703600000| Untracked 
|   5|0x0000000703700000, 0x0000000703800000, 0x0000000703800000|100%| O|  |TAMS 0x0000000703800000, 0x0000000703700000| Untracked 
|   6|0x0000000703800000, 0x0000000703900000, 0x0000000703900000|100%| O|  |TAMS 0x0000000703900000, 0x0000000703800000| Untracked 
|   7|0x0000000703900000, 0x0000000703a00000, 0x0000000703a00000|100%| O|  |TAMS 0x0000000703a00000, 0x0000000703900000| Untracked 
|   8|0x0000000703a00000, 0x0000000703b00000, 0x0000000703b00000|100%| O|  |TAMS 0x0000000703b00000, 0x0000000703a00000| Untracked 
|   9|0x0000000703b00000, 0x0000000703c00000, 0x0000000703c00000|100%| O|  |TAMS 0x0000000703c00000, 0x0000000703b00000| Untracked 
|  10|0x0000000703c00000, 0x0000000703d00000, 0x0000000703d00000|100%| O|  |TAMS 0x0000000703d00000, 0x0000000703c00000| Untracked 
|  11|0x0000000703d00000, 0x0000000703e00000, 0x0000000703e00000|100%| O|  |TAMS 0x0000000703e00000, 0x0000000703d00000| Untracked 
|  12|0x0000000703e00000, 0x0000000703f00000, 0x0000000703f00000|100%| O|  |TAMS 0x0000000703e66600, 0x0000000703e00000| Untracked 
|  13|0x0000000703f00000, 0x0000000704000000, 0x0000000704000000|100%| O|  |TAMS 0x0000000703f00000, 0x0000000703f00000| Untracked 
|  14|0x0000000704000000, 0x0000000704100000, 0x0000000704100000|100%| O|  |TAMS 0x0000000704000000, 0x0000000704000000| Untracked 
|  15|0x0000000704100000, 0x000000070414f400, 0x0000000704200000| 30%| O|  |TAMS 0x0000000704100000, 0x0000000704100000| Untracked 
|  16|0x0000000704200000, 0x0000000704200000, 0x0000000704300000|  0%| F|  |TAMS 0x0000000704200000, 0x0000000704200000| Untracked 
|  17|0x0000000704300000, 0x0000000704300000, 0x0000000704400000|  0%| F|  |TAMS 0x0000000704300000, 0x0000000704300000| Untracked 
|  18|0x0000000704400000, 0x0000000704400000, 0x0000000704500000|  0%| F|  |TAMS 0x0000000704400000, 0x0000000704400000| Untracked 
|  19|0x0000000704500000, 0x0000000704500000, 0x0000000704600000|  0%| F|  |TAMS 0x0000000704500000, 0x0000000704500000| Untracked 
|  20|0x0000000704600000, 0x0000000704600000, 0x0000000704700000|  0%| F|  |TAMS 0x0000000704600000, 0x0000000704600000| Untracked 
|  21|0x0000000704700000, 0x0000000704700000, 0x0000000704800000|  0%| F|  |TAMS 0x0000000704700000, 0x0000000704700000| Untracked 
|  22|0x0000000704800000, 0x0000000704800000, 0x0000000704900000|  0%| F|  |TAMS 0x0000000704800000, 0x0000000704800000| Untracked 
|  23|0x0000000704900000, 0x0000000704900000, 0x0000000704a00000|  0%| F|  |TAMS 0x0000000704900000, 0x0000000704900000| Untracked 
|  24|0x0000000704a00000, 0x0000000704a00000, 0x0000000704b00000|  0%| F|  |TAMS 0x0000000704a00000, 0x0000000704a00000| Untracked 
|  25|0x0000000704b00000, 0x0000000704b00000, 0x0000000704c00000|  0%| F|  |TAMS 0x0000000704b00000, 0x0000000704b00000| Untracked 
|  26|0x0000000704c00000, 0x0000000704c00000, 0x0000000704d00000|  0%| F|  |TAMS 0x0000000704c00000, 0x0000000704c00000| Untracked 
|  27|0x0000000704d00000, 0x0000000704d00000, 0x0000000704e00000|  0%| F|  |TAMS 0x0000000704d00000, 0x0000000704d00000| Untracked 
|  28|0x0000000704e00000, 0x0000000704e00000, 0x0000000704f00000|  0%| F|  |TAMS 0x0000000704e00000, 0x0000000704e00000| Untracked 
|  29|0x0000000704f00000, 0x0000000704f00000, 0x0000000705000000|  0%| F|  |TAMS 0x0000000704f00000, 0x0000000704f00000| Untracked 
|  30|0x0000000705000000, 0x0000000705000000, 0x0000000705100000|  0%| F|  |TAMS 0x0000000705000000, 0x0000000705000000| Untracked 
|  31|0x0000000705100000, 0x0000000705100000, 0x0000000705200000|  0%| F|  |TAMS 0x0000000705100000, 0x0000000705100000| Untracked 
|  32|0x0000000705200000, 0x0000000705200000, 0x0000000705300000|  0%| F|  |TAMS 0x0000000705200000, 0x0000000705200000| Untracked 
|  33|0x0000000705300000, 0x0000000705300000, 0x0000000705400000|  0%| F|  |TAMS 0x0000000705300000, 0x0000000705300000| Untracked 
|  34|0x0000000705400000, 0x0000000705400000, 0x0000000705500000|  0%| F|  |TAMS 0x0000000705400000, 0x0000000705400000| Untracked 
|  35|0x0000000705500000, 0x0000000705500000, 0x0000000705600000|  0%| F|  |TAMS 0x0000000705500000, 0x0000000705500000| Untracked 
|  36|0x0000000705600000, 0x0000000705600000, 0x0000000705700000|  0%| F|  |TAMS 0x0000000705600000, 0x0000000705600000| Untracked 
|  37|0x0000000705700000, 0x0000000705700000, 0x0000000705800000|  0%| F|  |TAMS 0x0000000705700000, 0x0000000705700000| Untracked 
|  38|0x0000000705800000, 0x0000000705800000, 0x0000000705900000|  0%| F|  |TAMS 0x0000000705800000, 0x0000000705800000| Untracked 
|  39|0x0000000705900000, 0x0000000705900000, 0x0000000705a00000|  0%| F|  |TAMS 0x0000000705900000, 0x0000000705900000| Untracked 
|  40|0x0000000705a00000, 0x0000000705a00000, 0x0000000705b00000|  0%| F|  |TAMS 0x0000000705a00000, 0x0000000705a00000| Untracked 
|  41|0x0000000705b00000, 0x0000000705b00000, 0x0000000705c00000|  0%| F|  |TAMS 0x0000000705b00000, 0x0000000705b00000| Untracked 
|  42|0x0000000705c00000, 0x0000000705c00000, 0x0000000705d00000|  0%| F|  |TAMS 0x0000000705c00000, 0x0000000705c00000| Untracked 
|  43|0x0000000705d00000, 0x0000000705d00000, 0x0000000705e00000|  0%| F|  |TAMS 0x0000000705d00000, 0x0000000705d00000| Untracked 
|  44|0x0000000705e00000, 0x0000000705e00000, 0x0000000705f00000|  0%| F|  |TAMS 0x0000000705e00000, 0x0000000705e00000| Untracked 
|  45|0x0000000705f00000, 0x0000000705f00000, 0x0000000706000000|  0%| F|  |TAMS 0x0000000705f00000, 0x0000000705f00000| Untracked 
|  46|0x0000000706000000, 0x0000000706000000, 0x0000000706100000|  0%| F|  |TAMS 0x0000000706000000, 0x0000000706000000| Untracked 
|  47|0x0000000706100000, 0x0000000706100000, 0x0000000706200000|  0%| F|  |TAMS 0x0000000706100000, 0x0000000706100000| Untracked 
|  48|0x0000000706200000, 0x0000000706200000, 0x0000000706300000|  0%| F|  |TAMS 0x0000000706200000, 0x0000000706200000| Untracked 
|  49|0x0000000706300000, 0x0000000706300000, 0x0000000706400000|  0%| F|  |TAMS 0x0000000706300000, 0x0000000706300000| Untracked 
|  50|0x0000000706400000, 0x0000000706400000, 0x0000000706500000|  0%| F|  |TAMS 0x0000000706400000, 0x0000000706400000| Untracked 
|  51|0x0000000706500000, 0x0000000706500000, 0x0000000706600000|  0%| F|  |TAMS 0x0000000706500000, 0x0000000706500000| Untracked 
|  52|0x0000000706600000, 0x0000000706600000, 0x0000000706700000|  0%| F|  |TAMS 0x0000000706600000, 0x0000000706600000| Untracked 
|  53|0x0000000706700000, 0x0000000706700000, 0x0000000706800000|  0%| F|  |TAMS 0x0000000706700000, 0x0000000706700000| Untracked 
|  54|0x0000000706800000, 0x0000000706800000, 0x0000000706900000|  0%| F|  |TAMS 0x0000000706800000, 0x0000000706800000| Untracked 
|  55|0x0000000706900000, 0x0000000706900000, 0x0000000706a00000|  0%| F|  |TAMS 0x0000000706900000, 0x0000000706900000| Untracked 
|  56|0x0000000706a00000, 0x0000000706a00000, 0x0000000706b00000|  0%| F|  |TAMS 0x0000000706a00000, 0x0000000706a00000| Untracked 
|  57|0x0000000706b00000, 0x0000000706b00000, 0x0000000706c00000|  0%| F|  |TAMS 0x0000000706b00000, 0x0000000706b00000| Untracked 
|  58|0x0000000706c00000, 0x0000000706c00000, 0x0000000706d00000|  0%| F|  |TAMS 0x0000000706c00000, 0x0000000706c00000| Untracked 
|  59|0x0000000706d00000, 0x0000000706d00000, 0x0000000706e00000|  0%| F|  |TAMS 0x0000000706d00000, 0x0000000706d00000| Untracked 
|  60|0x0000000706e00000, 0x0000000706e00000, 0x0000000706f00000|  0%| F|  |TAMS 0x0000000706e00000, 0x0000000706e00000| Untracked 
|  61|0x0000000706f00000, 0x0000000706f00000, 0x0000000707000000|  0%| F|  |TAMS 0x0000000706f00000, 0x0000000706f00000| Untracked 
|  62|0x0000000707000000, 0x0000000707000000, 0x0000000707100000|  0%| F|  |TAMS 0x0000000707000000, 0x0000000707000000| Untracked 
|  63|0x0000000707100000, 0x0000000707100000, 0x0000000707200000|  0%| F|  |TAMS 0x0000000707100000, 0x0000000707100000| Untracked 
|  64|0x0000000707200000, 0x0000000707200000, 0x0000000707300000|  0%| F|  |TAMS 0x0000000707200000, 0x0000000707200000| Untracked 
|  65|0x0000000707300000, 0x0000000707300000, 0x0000000707400000|  0%| F|  |TAMS 0x0000000707300000, 0x0000000707300000| Untracked 
|  66|0x0000000707400000, 0x0000000707400000, 0x0000000707500000|  0%| F|  |TAMS 0x0000000707400000, 0x0000000707400000| Untracked 
|  67|0x0000000707500000, 0x0000000707500000, 0x0000000707600000|  0%| F|  |TAMS 0x0000000707500000, 0x0000000707500000| Untracked 
|  68|0x0000000707600000, 0x0000000707600000, 0x0000000707700000|  0%| F|  |TAMS 0x0000000707600000, 0x0000000707600000| Untracked 
|  69|0x0000000707700000, 0x0000000707700000, 0x0000000707800000|  0%| F|  |TAMS 0x0000000707700000, 0x0000000707700000| Untracked 
|  70|0x0000000707800000, 0x0000000707800000, 0x0000000707900000|  0%| F|  |TAMS 0x0000000707800000, 0x0000000707800000| Untracked 
|  71|0x0000000707900000, 0x0000000707900000, 0x0000000707a00000|  0%| F|  |TAMS 0x0000000707900000, 0x0000000707900000| Untracked 
|  72|0x0000000707a00000, 0x0000000707a00000, 0x0000000707b00000|  0%| F|  |TAMS 0x0000000707a00000, 0x0000000707a00000| Untracked 
|  73|0x0000000707b00000, 0x0000000707b00000, 0x0000000707c00000|  0%| F|  |TAMS 0x0000000707b00000, 0x0000000707b00000| Untracked 
|  74|0x0000000707c00000, 0x0000000707c00000, 0x0000000707d00000|  0%| F|  |TAMS 0x0000000707c00000, 0x0000000707c00000| Untracked 
|  75|0x0000000707d00000, 0x0000000707d00000, 0x0000000707e00000|  0%| F|  |TAMS 0x0000000707d00000, 0x0000000707d00000| Untracked 
|  76|0x0000000707e00000, 0x0000000707e00000, 0x0000000707f00000|  0%| F|  |TAMS 0x0000000707e00000, 0x0000000707e00000| Untracked 
|  77|0x0000000707f00000, 0x0000000707f00000, 0x0000000708000000|  0%| F|  |TAMS 0x0000000707f00000, 0x0000000707f00000| Untracked 
|  78|0x0000000708000000, 0x0000000708000000, 0x0000000708100000|  0%| F|  |TAMS 0x0000000708000000, 0x0000000708000000| Untracked 
|  79|0x0000000708100000, 0x0000000708100000, 0x0000000708200000|  0%| F|  |TAMS 0x0000000708100000, 0x0000000708100000| Untracked 
|  80|0x0000000708200000, 0x0000000708200000, 0x0000000708300000|  0%| F|  |TAMS 0x0000000708200000, 0x0000000708200000| Untracked 
|  81|0x0000000708300000, 0x0000000708300000, 0x0000000708400000|  0%| F|  |TAMS 0x0000000708300000, 0x0000000708300000| Untracked 
|  82|0x0000000708400000, 0x0000000708400000, 0x0000000708500000|  0%| F|  |TAMS 0x0000000708400000, 0x0000000708400000| Untracked 
|  83|0x0000000708500000, 0x0000000708500000, 0x0000000708600000|  0%| F|  |TAMS 0x0000000708500000, 0x0000000708500000| Untracked 
|  84|0x0000000708600000, 0x0000000708600000, 0x0000000708700000|  0%| F|  |TAMS 0x0000000708600000, 0x0000000708600000| Untracked 
|  85|0x0000000708700000, 0x0000000708700000, 0x0000000708800000|  0%| F|  |TAMS 0x0000000708700000, 0x0000000708700000| Untracked 
|  86|0x0000000708800000, 0x0000000708800000, 0x0000000708900000|  0%| F|  |TAMS 0x0000000708800000, 0x0000000708800000| Untracked 
|  87|0x0000000708900000, 0x0000000708900000, 0x0000000708a00000|  0%| F|  |TAMS 0x0000000708900000, 0x0000000708900000| Untracked 
|  88|0x0000000708a00000, 0x0000000708a00000, 0x0000000708b00000|  0%| F|  |TAMS 0x0000000708a00000, 0x0000000708a00000| Untracked 
|  89|0x0000000708b00000, 0x0000000708b00000, 0x0000000708c00000|  0%| F|  |TAMS 0x0000000708b00000, 0x0000000708b00000| Untracked 
|  90|0x0000000708c00000, 0x0000000708c00000, 0x0000000708d00000|  0%| F|  |TAMS 0x0000000708c00000, 0x0000000708c00000| Untracked 
|  91|0x0000000708d00000, 0x0000000708d00000, 0x0000000708e00000|  0%| F|  |TAMS 0x0000000708d00000, 0x0000000708d00000| Untracked 
|  92|0x0000000708e00000, 0x0000000708e00000, 0x0000000708f00000|  0%| F|  |TAMS 0x0000000708e00000, 0x0000000708e00000| Untracked 
|  93|0x0000000708f00000, 0x0000000708f00000, 0x0000000709000000|  0%| F|  |TAMS 0x0000000708f00000, 0x0000000708f00000| Untracked 
|  94|0x0000000709000000, 0x0000000709000000, 0x0000000709100000|  0%| F|  |TAMS 0x0000000709000000, 0x0000000709000000| Untracked 
|  95|0x0000000709100000, 0x0000000709100000, 0x0000000709200000|  0%| F|  |TAMS 0x0000000709100000, 0x0000000709100000| Untracked 
|  96|0x0000000709200000, 0x0000000709200000, 0x0000000709300000|  0%| F|  |TAMS 0x0000000709200000, 0x0000000709200000| Untracked 
|  97|0x0000000709300000, 0x0000000709300000, 0x0000000709400000|  0%| F|  |TAMS 0x0000000709300000, 0x0000000709300000| Untracked 
|  98|0x0000000709400000, 0x0000000709400000, 0x0000000709500000|  0%| F|  |TAMS 0x0000000709400000, 0x0000000709400000| Untracked 
|  99|0x0000000709500000, 0x0000000709500000, 0x0000000709600000|  0%| F|  |TAMS 0x0000000709500000, 0x0000000709500000| Untracked 
| 100|0x0000000709600000, 0x0000000709600000, 0x0000000709700000|  0%| F|  |TAMS 0x0000000709600000, 0x0000000709600000| Untracked 
| 101|0x0000000709700000, 0x0000000709700000, 0x0000000709800000|  0%| F|  |TAMS 0x0000000709700000, 0x0000000709700000| Untracked 
| 102|0x0000000709800000, 0x0000000709800000, 0x0000000709900000|  0%| F|  |TAMS 0x0000000709800000, 0x0000000709800000| Untracked 
| 103|0x0000000709900000, 0x0000000709900000, 0x0000000709a00000|  0%| F|  |TAMS 0x0000000709900000, 0x0000000709900000| Untracked 
| 104|0x0000000709a00000, 0x0000000709a00000, 0x0000000709b00000|  0%| F|  |TAMS 0x0000000709a00000, 0x0000000709a00000| Untracked 
| 105|0x0000000709b00000, 0x0000000709b00000, 0x0000000709c00000|  0%| F|  |TAMS 0x0000000709b00000, 0x0000000709b00000| Untracked 
| 106|0x0000000709c00000, 0x0000000709c00000, 0x0000000709d00000|  0%| F|  |TAMS 0x0000000709c00000, 0x0000000709c00000| Untracked 
| 107|0x0000000709d00000, 0x0000000709d00000, 0x0000000709e00000|  0%| F|  |TAMS 0x0000000709d00000, 0x0000000709d00000| Untracked 
| 108|0x0000000709e00000, 0x0000000709e00000, 0x0000000709f00000|  0%| F|  |TAMS 0x0000000709e00000, 0x0000000709e00000| Untracked 
| 109|0x0000000709f00000, 0x0000000709f00000, 0x000000070a000000|  0%| F|  |TAMS 0x0000000709f00000, 0x0000000709f00000| Untracked 
| 110|0x000000070a000000, 0x000000070a000000, 0x000000070a100000|  0%| F|  |TAMS 0x000000070a000000, 0x000000070a000000| Untracked 
| 111|0x000000070a100000, 0x000000070a100000, 0x000000070a200000|  0%| F|  |TAMS 0x000000070a100000, 0x000000070a100000| Untracked 
| 112|0x000000070a200000, 0x000000070a200000, 0x000000070a300000|  0%| F|  |TAMS 0x000000070a200000, 0x000000070a200000| Untracked 
| 113|0x000000070a300000, 0x000000070a400000, 0x000000070a400000|100%| S|  |TAMS 0x000000070a300000, 0x000000070a300000| Complete 
| 114|0x000000070a400000, 0x000000070a500000, 0x000000070a500000|100%| S|  |TAMS 0x000000070a400000, 0x000000070a400000| Complete 
| 115|0x000000070a500000, 0x000000070a600000, 0x000000070a600000|100%| S|  |TAMS 0x000000070a500000, 0x000000070a500000| Complete 
| 116|0x000000070a600000, 0x000000070a700000, 0x000000070a700000|100%| E|CS|TAMS 0x000000070a600000, 0x000000070a600000| Complete 
| 117|0x000000070a700000, 0x000000070a800000, 0x000000070a800000|100%| E|CS|TAMS 0x000000070a700000, 0x000000070a700000| Complete 
| 118|0x000000070a800000, 0x000000070a900000, 0x000000070a900000|100%| E|CS|TAMS 0x000000070a800000, 0x000000070a800000| Complete 
| 119|0x000000070a900000, 0x000000070aa00000, 0x000000070aa00000|100%| E|CS|TAMS 0x000000070a900000, 0x000000070a900000| Complete 
| 120|0x000000070aa00000, 0x000000070ab00000, 0x000000070ab00000|100%| E|CS|TAMS 0x000000070aa00000, 0x000000070aa00000| Complete 
| 121|0x000000070ab00000, 0x000000070ac00000, 0x000000070ac00000|100%| E|CS|TAMS 0x000000070ab00000, 0x000000070ab00000| Complete 
| 122|0x000000070ac00000, 0x000000070ad00000, 0x000000070ad00000|100%| E|CS|TAMS 0x000000070ac00000, 0x000000070ac00000| Complete 
| 123|0x000000070ad00000, 0x000000070ae00000, 0x000000070ae00000|100%| E|CS|TAMS 0x000000070ad00000, 0x000000070ad00000| Complete 
| 124|0x000000070ae00000, 0x000000070af00000, 0x000000070af00000|100%| E|CS|TAMS 0x000000070ae00000, 0x000000070ae00000| Complete 
| 125|0x000000070af00000, 0x000000070b000000, 0x000000070b000000|100%| E|CS|TAMS 0x000000070af00000, 0x000000070af00000| Complete 
| 126|0x000000070b000000, 0x000000070b100000, 0x000000070b100000|100%| E|CS|TAMS 0x000000070b000000, 0x000000070b000000| Complete 
| 127|0x000000070b100000, 0x000000070b200000, 0x000000070b200000|100%| E|CS|TAMS 0x000000070b100000, 0x000000070b100000| Complete 
| 128|0x000000070b200000, 0x000000070b300000, 0x000000070b300000|100%| E|CS|TAMS 0x000000070b200000, 0x000000070b200000| Complete 
| 129|0x000000070b300000, 0x000000070b400000, 0x000000070b400000|100%| E|CS|TAMS 0x000000070b300000, 0x000000070b300000| Complete 
| 130|0x000000070b400000, 0x000000070b500000, 0x000000070b500000|100%| E|CS|TAMS 0x000000070b400000, 0x000000070b400000| Complete 
| 131|0x000000070b500000, 0x000000070b600000, 0x000000070b600000|100%| E|CS|TAMS 0x000000070b500000, 0x000000070b500000| Complete 
| 132|0x000000070b600000, 0x000000070b700000, 0x000000070b700000|100%| E|CS|TAMS 0x000000070b600000, 0x000000070b600000| Complete 
| 133|0x000000070b700000, 0x000000070b800000, 0x000000070b800000|100%| E|CS|TAMS 0x000000070b700000, 0x000000070b700000| Complete 
| 134|0x000000070b800000, 0x000000070b900000, 0x000000070b900000|100%| E|CS|TAMS 0x000000070b800000, 0x000000070b800000| Complete 
| 135|0x000000070b900000, 0x000000070ba00000, 0x000000070ba00000|100%| E|CS|TAMS 0x000000070b900000, 0x000000070b900000| Complete 
| 136|0x000000070ba00000, 0x000000070bb00000, 0x000000070bb00000|100%| E|CS|TAMS 0x000000070ba00000, 0x000000070ba00000| Complete 
| 137|0x000000070bb00000, 0x000000070bc00000, 0x000000070bc00000|100%| E|CS|TAMS 0x000000070bb00000, 0x000000070bb00000| Complete 
| 138|0x000000070bc00000, 0x000000070bd00000, 0x000000070bd00000|100%| E|CS|TAMS 0x000000070bc00000, 0x000000070bc00000| Complete 
| 139|0x000000070bd00000, 0x000000070be00000, 0x000000070be00000|100%| E|CS|TAMS 0x000000070bd00000, 0x000000070bd00000| Complete 
| 140|0x000000070be00000, 0x000000070bf00000, 0x000000070bf00000|100%| E|CS|TAMS 0x000000070be00000, 0x000000070be00000| Complete 
| 141|0x000000070bf00000, 0x000000070c000000, 0x000000070c000000|100%| E|CS|TAMS 0x000000070bf00000, 0x000000070bf00000| Complete 
| 142|0x000000070c000000, 0x000000070c100000, 0x000000070c100000|100%| E|CS|TAMS 0x000000070c000000, 0x000000070c000000| Complete 
| 143|0x000000070c100000, 0x000000070c200000, 0x000000070c200000|100%| E|CS|TAMS 0x000000070c100000, 0x000000070c100000| Complete 
| 144|0x000000070c200000, 0x000000070c300000, 0x000000070c300000|100%| E|CS|TAMS 0x000000070c200000, 0x000000070c200000| Complete 
| 145|0x000000070c300000, 0x000000070c400000, 0x000000070c400000|100%| E|CS|TAMS 0x000000070c300000, 0x000000070c300000| Complete 
| 146|0x000000070c400000, 0x000000070c500000, 0x000000070c500000|100%| E|CS|TAMS 0x000000070c400000, 0x000000070c400000| Complete 
| 147|0x000000070c500000, 0x000000070c600000, 0x000000070c600000|100%| E|CS|TAMS 0x000000070c500000, 0x000000070c500000| Complete 
| 148|0x000000070c600000, 0x000000070c700000, 0x000000070c700000|100%| E|CS|TAMS 0x000000070c600000, 0x000000070c600000| Complete 
| 149|0x000000070c700000, 0x000000070c800000, 0x000000070c800000|100%| E|CS|TAMS 0x000000070c700000, 0x000000070c700000| Complete 
| 150|0x000000070c800000, 0x000000070c900000, 0x000000070c900000|100%| E|CS|TAMS 0x000000070c800000, 0x000000070c800000| Complete 
| 151|0x000000070c900000, 0x000000070ca00000, 0x000000070ca00000|100%| E|CS|TAMS 0x000000070c900000, 0x000000070c900000| Complete 
| 152|0x000000070ca00000, 0x000000070cb00000, 0x000000070cb00000|100%| E|CS|TAMS 0x000000070ca00000, 0x000000070ca00000| Complete 
| 153|0x000000070cb00000, 0x000000070cc00000, 0x000000070cc00000|100%| E|CS|TAMS 0x000000070cb00000, 0x000000070cb00000| Complete 
| 154|0x000000070cc00000, 0x000000070cd00000, 0x000000070cd00000|100%| E|CS|TAMS 0x000000070cc00000, 0x000000070cc00000| Complete 
| 155|0x000000070cd00000, 0x000000070ce00000, 0x000000070ce00000|100%| E|CS|TAMS 0x000000070cd00000, 0x000000070cd00000| Complete 
| 156|0x000000070ce00000, 0x000000070cf00000, 0x000000070cf00000|100%| E|CS|TAMS 0x000000070ce00000, 0x000000070ce00000| Complete 
| 157|0x000000070cf00000, 0x000000070d000000, 0x000000070d000000|100%| E|CS|TAMS 0x000000070cf00000, 0x000000070cf00000| Complete 
| 158|0x000000070d000000, 0x000000070d100000, 0x000000070d100000|100%| E|CS|TAMS 0x000000070d000000, 0x000000070d000000| Complete 
| 159|0x000000070d100000, 0x000000070d200000, 0x000000070d200000|100%| E|CS|TAMS 0x000000070d100000, 0x000000070d100000| Complete 
| 160|0x000000070d200000, 0x000000070d300000, 0x000000070d300000|100%| E|CS|TAMS 0x000000070d200000, 0x000000070d200000| Complete 
| 161|0x000000070d300000, 0x000000070d400000, 0x000000070d400000|100%| E|CS|TAMS 0x000000070d300000, 0x000000070d300000| Complete 
| 162|0x000000070d400000, 0x000000070d500000, 0x000000070d500000|100%| E|CS|TAMS 0x000000070d400000, 0x000000070d400000| Complete 
| 163|0x000000070d500000, 0x000000070d600000, 0x000000070d600000|100%| E|CS|TAMS 0x000000070d500000, 0x000000070d500000| Complete 
| 164|0x000000070d600000, 0x000000070d700000, 0x000000070d700000|100%| E|CS|TAMS 0x000000070d600000, 0x000000070d600000| Complete 
| 165|0x000000070d700000, 0x000000070d800000, 0x000000070d800000|100%| E|CS|TAMS 0x000000070d700000, 0x000000070d700000| Complete 
| 166|0x000000070d800000, 0x000000070d900000, 0x000000070d900000|100%| E|CS|TAMS 0x000000070d800000, 0x000000070d800000| Complete 
| 167|0x000000070d900000, 0x000000070d994440, 0x000000070da00000| 57%| E|CS|TAMS 0x000000070d900000, 0x000000070d900000| Complete 
| 168|0x000000070da00000, 0x000000070db00000, 0x000000070db00000|100%| E|CS|TAMS 0x000000070da00000, 0x000000070da00000| Complete 
| 169|0x000000070db00000, 0x000000070dc00000, 0x000000070dc00000|100%| E|CS|TAMS 0x000000070db00000, 0x000000070db00000| Complete 
| 170|0x000000070dc00000, 0x000000070dd00000, 0x000000070dd00000|100%| E|CS|TAMS 0x000000070dc00000, 0x000000070dc00000| Complete 
| 171|0x000000070dd00000, 0x000000070de00000, 0x000000070de00000|100%| E|CS|TAMS 0x000000070dd00000, 0x000000070dd00000| Complete 
| 172|0x000000070de00000, 0x000000070df00000, 0x000000070df00000|100%| E|CS|TAMS 0x000000070de00000, 0x000000070de00000| Complete 
| 173|0x000000070df00000, 0x000000070e000000, 0x000000070e000000|100%| E|CS|TAMS 0x000000070df00000, 0x000000070df00000| Complete 
| 174|0x000000070e000000, 0x000000070e100000, 0x000000070e100000|100%| E|CS|TAMS 0x000000070e000000, 0x000000070e000000| Complete 
| 175|0x000000070e100000, 0x000000070e200000, 0x000000070e200000|100%| E|CS|TAMS 0x000000070e100000, 0x000000070e100000| Complete 
| 176|0x000000070e200000, 0x000000070e300000, 0x000000070e300000|100%| E|CS|TAMS 0x000000070e200000, 0x000000070e200000| Complete 
| 177|0x000000070e300000, 0x000000070e400000, 0x000000070e400000|100%| E|CS|TAMS 0x000000070e300000, 0x000000070e300000| Complete 
| 178|0x000000070e400000, 0x000000070e500000, 0x000000070e500000|100%| E|CS|TAMS 0x000000070e400000, 0x000000070e400000| Complete 
| 179|0x000000070e500000, 0x000000070e600000, 0x000000070e600000|100%| E|CS|TAMS 0x000000070e500000, 0x000000070e500000| Complete 
| 180|0x000000070e600000, 0x000000070e700000, 0x000000070e700000|100%| E|CS|TAMS 0x000000070e600000, 0x000000070e600000| Complete 
| 181|0x000000070e700000, 0x000000070e800000, 0x000000070e800000|100%| E|CS|TAMS 0x000000070e700000, 0x000000070e700000| Complete 
| 182|0x000000070e800000, 0x000000070e900000, 0x000000070e900000|100%| E|CS|TAMS 0x000000070e800000, 0x000000070e800000| Complete 
| 183|0x000000070e900000, 0x000000070ea00000, 0x000000070ea00000|100%| E|CS|TAMS 0x000000070e900000, 0x000000070e900000| Complete 
| 184|0x000000070ea00000, 0x000000070eb00000, 0x000000070eb00000|100%| E|CS|TAMS 0x000000070ea00000, 0x000000070ea00000| Complete 
| 185|0x000000070eb00000, 0x000000070ec00000, 0x000000070ec00000|100%| E|CS|TAMS 0x000000070eb00000, 0x000000070eb00000| Complete 
| 186|0x000000070ec00000, 0x000000070ed00000, 0x000000070ed00000|100%| E|CS|TAMS 0x000000070ec00000, 0x000000070ec00000| Complete 
| 187|0x000000070ed00000, 0x000000070ee00000, 0x000000070ee00000|100%| E|CS|TAMS 0x000000070ed00000, 0x000000070ed00000| Complete 
| 188|0x000000070ee00000, 0x000000070ef00000, 0x000000070ef00000|100%| E|CS|TAMS 0x000000070ee00000, 0x000000070ee00000| Complete 
| 189|0x000000070ef00000, 0x000000070f000000, 0x000000070f000000|100%| E|CS|TAMS 0x000000070ef00000, 0x000000070ef00000| Complete 
| 190|0x000000070f000000, 0x000000070f100000, 0x000000070f100000|100%| E|CS|TAMS 0x000000070f000000, 0x000000070f000000| Complete 
| 191|0x000000070f100000, 0x000000070f200000, 0x000000070f200000|100%| E|CS|TAMS 0x000000070f100000, 0x000000070f100000| Complete 
| 192|0x000000070f200000, 0x000000070f300000, 0x000000070f300000|100%| E|CS|TAMS 0x000000070f200000, 0x000000070f200000| Complete 
| 193|0x000000070f300000, 0x000000070f400000, 0x000000070f400000|100%| E|CS|TAMS 0x000000070f300000, 0x000000070f300000| Complete 
| 194|0x000000070f400000, 0x000000070f500000, 0x000000070f500000|100%| E|CS|TAMS 0x000000070f400000, 0x000000070f400000| Complete 
| 195|0x000000070f500000, 0x000000070f600000, 0x000000070f600000|100%| E|CS|TAMS 0x000000070f500000, 0x000000070f500000| Complete 
| 196|0x000000070f600000, 0x000000070f700000, 0x000000070f700000|100%| E|CS|TAMS 0x000000070f600000, 0x000000070f600000| Complete 
| 197|0x000000070f700000, 0x000000070f800000, 0x000000070f800000|100%| E|CS|TAMS 0x000000070f700000, 0x000000070f700000| Complete 
| 198|0x000000070f800000, 0x000000070f900000, 0x000000070f900000|100%| E|CS|TAMS 0x000000070f800000, 0x000000070f800000| Complete 
| 199|0x000000070f900000, 0x000000070fa00000, 0x000000070fa00000|100%| E|CS|TAMS 0x000000070f900000, 0x000000070f900000| Complete 
| 200|0x000000070fa00000, 0x000000070fb00000, 0x000000070fb00000|100%| E|CS|TAMS 0x000000070fa00000, 0x000000070fa00000| Complete 
| 201|0x000000070fb00000, 0x000000070fc00000, 0x000000070fc00000|100%| E|CS|TAMS 0x000000070fb00000, 0x000000070fb00000| Complete 
| 202|0x000000070fc00000, 0x000000070fd00000, 0x000000070fd00000|100%| E|CS|TAMS 0x000000070fc00000, 0x000000070fc00000| Complete 
| 203|0x000000070fd00000, 0x000000070fe00000, 0x000000070fe00000|100%| E|CS|TAMS 0x000000070fd00000, 0x000000070fd00000| Complete 
| 204|0x000000070fe00000, 0x000000070ff00000, 0x000000070ff00000|100%| E|CS|TAMS 0x000000070fe00000, 0x000000070fe00000| Complete 
| 205|0x000000070ff00000, 0x0000000710000000, 0x0000000710000000|100%| E|CS|TAMS 0x000000070ff00000, 0x000000070ff00000| Complete 
| 206|0x0000000710000000, 0x0000000710100000, 0x0000000710100000|100%| E|CS|TAMS 0x0000000710000000, 0x0000000710000000| Complete 
| 207|0x0000000710100000, 0x0000000710200000, 0x0000000710200000|100%| E|CS|TAMS 0x0000000710100000, 0x0000000710100000| Complete 
| 208|0x0000000710200000, 0x0000000710300000, 0x0000000710300000|100%| E|CS|TAMS 0x0000000710200000, 0x0000000710200000| Complete 
| 209|0x0000000710300000, 0x0000000710400000, 0x0000000710400000|100%| E|CS|TAMS 0x0000000710300000, 0x0000000710300000| Complete 
| 210|0x0000000710400000, 0x0000000710500000, 0x0000000710500000|100%| E|CS|TAMS 0x0000000710400000, 0x0000000710400000| Complete 
| 211|0x0000000710500000, 0x0000000710600000, 0x0000000710600000|100%| E|CS|TAMS 0x0000000710500000, 0x0000000710500000| Complete 
| 212|0x0000000710600000, 0x0000000710700000, 0x0000000710700000|100%| E|CS|TAMS 0x0000000710600000, 0x0000000710600000| Complete 
| 213|0x0000000710700000, 0x0000000710800000, 0x0000000710800000|100%| E|CS|TAMS 0x0000000710700000, 0x0000000710700000| Complete 
| 214|0x0000000710800000, 0x0000000710900000, 0x0000000710900000|100%| E|CS|TAMS 0x0000000710800000, 0x0000000710800000| Complete 
| 215|0x0000000710900000, 0x0000000710a00000, 0x0000000710a00000|100%| E|CS|TAMS 0x0000000710900000, 0x0000000710900000| Complete 
| 216|0x0000000710a00000, 0x0000000710b00000, 0x0000000710b00000|100%| E|CS|TAMS 0x0000000710a00000, 0x0000000710a00000| Complete 
| 217|0x0000000710b00000, 0x0000000710c00000, 0x0000000710c00000|100%| E|CS|TAMS 0x0000000710b00000, 0x0000000710b00000| Complete 
| 218|0x0000000710c00000, 0x0000000710d00000, 0x0000000710d00000|100%| E|CS|TAMS 0x0000000710c00000, 0x0000000710c00000| Complete 
| 219|0x0000000710d00000, 0x0000000710e00000, 0x0000000710e00000|100%| E|CS|TAMS 0x0000000710d00000, 0x0000000710d00000| Complete 
| 220|0x0000000710e00000, 0x0000000710f00000, 0x0000000710f00000|100%| E|CS|TAMS 0x0000000710e00000, 0x0000000710e00000| Complete 
| 221|0x0000000710f00000, 0x0000000711000000, 0x0000000711000000|100%| E|CS|TAMS 0x0000000710f00000, 0x0000000710f00000| Complete 
| 222|0x0000000711000000, 0x0000000711100000, 0x0000000711100000|100%| E|CS|TAMS 0x0000000711000000, 0x0000000711000000| Complete 
| 223|0x0000000711100000, 0x0000000711200000, 0x0000000711200000|100%| E|CS|TAMS 0x0000000711100000, 0x0000000711100000| Complete 
| 224|0x0000000711200000, 0x0000000711300000, 0x0000000711300000|100%| E|CS|TAMS 0x0000000711200000, 0x0000000711200000| Complete 
| 225|0x0000000711300000, 0x0000000711400000, 0x0000000711400000|100%| E|CS|TAMS 0x0000000711300000, 0x0000000711300000| Complete 
| 226|0x0000000711400000, 0x0000000711500000, 0x0000000711500000|100%| E|CS|TAMS 0x0000000711400000, 0x0000000711400000| Complete 
| 227|0x0000000711500000, 0x0000000711600000, 0x0000000711600000|100%| E|CS|TAMS 0x0000000711500000, 0x0000000711500000| Complete 
| 228|0x0000000711600000, 0x0000000711700000, 0x0000000711700000|100%| E|CS|TAMS 0x0000000711600000, 0x0000000711600000| Complete 
| 229|0x0000000711700000, 0x0000000711800000, 0x0000000711800000|100%| E|CS|TAMS 0x0000000711700000, 0x0000000711700000| Complete 
| 230|0x0000000711800000, 0x0000000711900000, 0x0000000711900000|100%| E|CS|TAMS 0x0000000711800000, 0x0000000711800000| Complete 
| 231|0x0000000711900000, 0x0000000711a00000, 0x0000000711a00000|100%| E|CS|TAMS 0x0000000711900000, 0x0000000711900000| Complete 
| 232|0x0000000711a00000, 0x0000000711b00000, 0x0000000711b00000|100%| E|CS|TAMS 0x0000000711a00000, 0x0000000711a00000| Complete 
| 233|0x0000000711b00000, 0x0000000711c00000, 0x0000000711c00000|100%| E|CS|TAMS 0x0000000711b00000, 0x0000000711b00000| Complete 
| 234|0x0000000711c00000, 0x0000000711d00000, 0x0000000711d00000|100%| E|CS|TAMS 0x0000000711c00000, 0x0000000711c00000| Complete 
| 235|0x0000000711d00000, 0x0000000711e00000, 0x0000000711e00000|100%| E|CS|TAMS 0x0000000711d00000, 0x0000000711d00000| Complete 
| 236|0x0000000711e00000, 0x0000000711f00000, 0x0000000711f00000|100%| E|CS|TAMS 0x0000000711e00000, 0x0000000711e00000| Complete 
| 237|0x0000000711f00000, 0x0000000712000000, 0x0000000712000000|100%| E|CS|TAMS 0x0000000711f00000, 0x0000000711f00000| Complete 
| 238|0x0000000712000000, 0x0000000712100000, 0x0000000712100000|100%| E|CS|TAMS 0x0000000712000000, 0x0000000712000000| Complete 
| 239|0x0000000712100000, 0x0000000712200000, 0x0000000712200000|100%| E|CS|TAMS 0x0000000712100000, 0x0000000712100000| Complete 
| 240|0x0000000712200000, 0x0000000712300000, 0x0000000712300000|100%| E|CS|TAMS 0x0000000712200000, 0x0000000712200000| Complete 
| 241|0x0000000712300000, 0x0000000712400000, 0x0000000712400000|100%| E|CS|TAMS 0x0000000712300000, 0x0000000712300000| Complete 
| 242|0x0000000712400000, 0x0000000712500000, 0x0000000712500000|100%| E|CS|TAMS 0x0000000712400000, 0x0000000712400000| Complete 
| 243|0x0000000712500000, 0x0000000712600000, 0x0000000712600000|100%| E|CS|TAMS 0x0000000712500000, 0x0000000712500000| Complete 
| 244|0x0000000712600000, 0x0000000712700000, 0x0000000712700000|100%| E|CS|TAMS 0x0000000712600000, 0x0000000712600000| Complete 
| 245|0x0000000712700000, 0x0000000712800000, 0x0000000712800000|100%| E|CS|TAMS 0x0000000712700000, 0x0000000712700000| Complete 
| 246|0x0000000712800000, 0x0000000712900000, 0x0000000712900000|100%| E|CS|TAMS 0x0000000712800000, 0x0000000712800000| Complete 
| 247|0x0000000712900000, 0x0000000712a00000, 0x0000000712a00000|100%| E|CS|TAMS 0x0000000712900000, 0x0000000712900000| Complete 
| 248|0x0000000712a00000, 0x0000000712b00000, 0x0000000712b00000|100%| E|CS|TAMS 0x0000000712a00000, 0x0000000712a00000| Complete 
| 249|0x0000000712b00000, 0x0000000712c00000, 0x0000000712c00000|100%| E|CS|TAMS 0x0000000712b00000, 0x0000000712b00000| Complete 
| 250|0x0000000712c00000, 0x0000000712d00000, 0x0000000712d00000|100%| E|CS|TAMS 0x0000000712c00000, 0x0000000712c00000| Complete 
| 251|0x0000000712d00000, 0x0000000712e00000, 0x0000000712e00000|100%| E|CS|TAMS 0x0000000712d00000, 0x0000000712d00000| Complete 
| 252|0x0000000712e00000, 0x0000000712f00000, 0x0000000712f00000|100%| E|CS|TAMS 0x0000000712e00000, 0x0000000712e00000| Complete 
| 253|0x0000000712f00000, 0x0000000713000000, 0x0000000713000000|100%| E|CS|TAMS 0x0000000712f00000, 0x0000000712f00000| Complete 

Card table byte_map: [0x0000015e1e9d0000,0x0000015e1f1c0000] _byte_map_base: 0x0000015e1b1b7000

Marking Bits (Prev, Next): (CMBitMap*) 0x0000015e057de540, (CMBitMap*) 0x0000015e057de508
 Prev Bits: [0x0000015e238f0000, 0x0000015e27828000)
 Next Bits: [0x0000015e1f9b0000, 0x0000015e238e8000)

Polling page: 0x0000015e07000000

Metaspace:

Usage:
  Non-class:     57.39 MB capacity,    56.16 MB ( 98%) used,  1013.30 KB (  2%) free+waste,   245.75 KB ( <1%) overhead. 
      Class:      9.51 MB capacity,     8.66 MB ( 91%) used,   746.62 KB (  8%) free+waste,   124.63 KB (  1%) overhead. 
       Both:     66.90 MB capacity,    64.82 MB ( 97%) used,     1.72 MB (  3%) free+waste,   370.38 KB ( <1%) overhead. 

Virtual space:
  Non-class space:       58.00 MB reserved,      57.46 MB (>99%) committed 
      Class space:        1.00 GB reserved,       9.63 MB ( <1%) committed 
             Both:        1.06 GB reserved,      67.08 MB (  6%) committed 

Chunk freelists:
   Non-Class:  384 bytes
       Class:  0 bytes
        Both:  384 bytes

CodeHeap 'non-profiled nmethods': size=238336Kb used=11529Kb max_used=11529Kb free=226806Kb
 bounds [0x0000015e0f5e0000, 0x0000015e10130000, 0x0000015e1dea0000]
CodeHeap 'non-nmethods': size=7424Kb used=1263Kb max_used=1263Kb free=6161Kb
 bounds [0x0000015e0eea0000, 0x0000015e0f110000, 0x0000015e0f5e0000]
 total_blobs=8091 nmethods=7453 adapters=563
 compilation: enabled
              stopped_count=0, restarted_count=0
 full_count=0

Compilation events (10 events):
Event: 18367.013 Thread 0x0000015e2a3b9000 7449       1       org.springframework.core.convert.Property::getWriteMethod (5 bytes)
Event: 18367.013 Thread 0x0000015e2a3b9000 nmethod 7449 0x0000015e10121090 code [0x0000015e10121220, 0x0000015e101212d8]
Event: 18367.014 Thread 0x0000015e2a3b9000 7450       1       org.springframework.web.servlet.mvc.condition.ParamsRequestCondition::getContent (5 bytes)
Event: 18367.014 Thread 0x0000015e2a3b9000 nmethod 7450 0x0000015e10121390 code [0x0000015e10121520, 0x0000015e101215d8]
Event: 18367.014 Thread 0x0000015e2a3b9000 7451       1       org.springframework.web.servlet.mvc.condition.HeadersRequestCondition::getContent (5 bytes)
Event: 18367.014 Thread 0x0000015e2a3b9000 nmethod 7451 0x0000015e10121690 code [0x0000015e10121820, 0x0000015e101218d8]
Event: 18367.014 Thread 0x0000015e2a3b9000 7452       1       org.springframework.web.context.request.ServletRequestAttributes::<init> (11 bytes)
Event: 18367.015 Thread 0x0000015e2a3b9000 nmethod 7452 0x0000015e10121990 code [0x0000015e10121b80, 0x0000015e10122028]
Event: 18367.016 Thread 0x0000015e2a3b9000 7453       1       org.apache.tomcat.util.net.SocketWrapperBase::transfer (46 bytes)
Event: 18367.016 Thread 0x0000015e2a3b9000 nmethod 7453 0x0000015e10122190 code [0x0000015e10122340, 0x0000015e101224c8]

GC Heap History (10 events):
Event: 7.810 GC heap after
{Heap after GC invocations=3 (full 0):
 garbage-first heap   total 260096K, used 9968K [0x0000000703200000, 0x0000000800000000)
  region size 1024K, 2 young (2048K), 2 survivors (2048K)
 Metaspace       used 20649K, capacity 21216K, committed 21296K, reserved 1069056K
  class space    used 2433K, capacity 2681K, committed 2688K, reserved 1048576K
}
Event: 9.895 GC heap before
{Heap before GC invocations=4 (full 0):
 garbage-first heap   total 260096K, used 86768K [0x0000000703200000, 0x0000000800000000)
  region size 1024K, 77 young (78848K), 2 survivors (2048K)
 Metaspace       used 28743K, capacity 29698K, committed 29872K, reserved 1075200K
  class space    used 3628K, capacity 4023K, committed 4096K, reserved 1048576K
}
Event: 9.906 GC heap after
{Heap after GC invocations=5 (full 0):
 garbage-first heap   total 260096K, used 13561K [0x0000000703200000, 0x0000000800000000)
  region size 1024K, 6 young (6144K), 6 survivors (6144K)
 Metaspace       used 28743K, capacity 29698K, committed 29872K, reserved 1075200K
  class space    used 3628K, capacity 4023K, committed 4096K, reserved 1048576K
}
Event: 12.374 GC heap before
{Heap before GC invocations=5 (full 0):
 garbage-first heap   total 260096K, used 70905K [0x0000000703200000, 0x0000000800000000)
  region size 1024K, 63 young (64512K), 6 survivors (6144K)
 Metaspace       used 34597K, capacity 35781K, committed 35920K, reserved 1081344K
  class space    used 4540K, capacity 5043K, committed 5120K, reserved 1048576K
}
Event: 12.387 GC heap after
{Heap after GC invocations=6 (full 0):
 garbage-first heap   total 260096K, used 16384K [0x0000000703200000, 0x0000000800000000)
  region size 1024K, 8 young (8192K), 8 survivors (8192K)
 Metaspace       used 34597K, capacity 35781K, committed 35920K, reserved 1081344K
  class space    used 4540K, capacity 5043K, committed 5120K, reserved 1048576K
}
Event: 17.437 GC heap before
{Heap before GC invocations=7 (full 0):
 garbage-first heap   total 260096K, used 137216K [0x0000000703200000, 0x0000000800000000)
  region size 1024K, 126 young (129024K), 8 survivors (8192K)
 Metaspace       used 51513K, capacity 52951K, committed 53200K, reserved 1095680K
  class space    used 6891K, capacity 7501K, committed 7552K, reserved 1048576K
}
Event: 17.458 GC heap after
{Heap after GC invocations=8 (full 0):
 garbage-first heap   total 260096K, used 22528K [0x0000000703200000, 0x0000000800000000)
  region size 1024K, 14 young (14336K), 14 survivors (14336K)
 Metaspace       used 51513K, capacity 52951K, committed 53200K, reserved 1095680K
  class space    used 6891K, capacity 7501K, committed 7552K, reserved 1048576K
}
Event: 19.720 GC heap before
{Heap before GC invocations=8 (full 0):
 garbage-first heap   total 260096K, used 96256K [0x0000000703200000, 0x0000000800000000)
  region size 1024K, 87 young (89088K), 14 survivors (14336K)
 Metaspace       used 58409K, capacity 60234K, committed 60296K, reserved 1101824K
  class space    used 7859K, capacity 8571K, committed 8576K, reserved 1048576K
}
Event: 19.748 GC heap after
{Heap after GC invocations=9 (full 0):
 garbage-first heap   total 260096K, used 26602K [0x0000000703200000, 0x0000000800000000)
  region size 1024K, 14 young (14336K), 14 survivors (14336K)
 Metaspace       used 58409K, capacity 60234K, committed 60296K, reserved 1101824K
  class space    used 7859K, capacity 8571K, committed 8576K, reserved 1048576K
}
Event: 19656.426 GC heap before
{Heap before GC invocations=10 (full 0):
 garbage-first heap   total 260096K, used 152554K [0x0000000703200000, 0x0000000800000000)
  region size 1024K, 138 young (141312K), 14 survivors (14336K)
 Metaspace       used 66375K, capacity 68506K, committed 68692K, reserved 1107968K
  class space    used 8865K, capacity 9737K, committed 9856K, reserved 1048576K
}

Deoptimization events (0 events):
No events

Classes redefined (0 events):
No events

Internal exceptions (10 events):
Event: 20.172 Thread 0x0000015e07832000 Exception <a 'java/lang/NoSuchMethodError'{0x0000000712331008}: java.lang.invoke.DirectMethodHandle$Holder.invokeSpecial(Ljava/lang/Object;Ljava/lang/Object;Ljava/lang/Object;ILjava/lang/Object;I)Ljava/lang/Object;> (0x0000000712331008) thrown at [./open/
Event: 20.174 Thread 0x0000015e07832000 Exception <a 'java/lang/NoSuchMethodError'{0x000000071233ee58}: java.lang.invoke.DirectMethodHandle$Holder.invokeVirtual(Ljava/lang/Object;Ljava/lang/Object;)V> (0x000000071233ee58) thrown at [./open/src/hotspot/share/interpreter/linkResolver.cpp, line 77
Event: 185.652 Thread 0x0000015e2ed55000 Exception <a 'sun/nio/fs/WindowsException'{0x000000071124ac58}> (0x000000071124ac58) thrown at [./open/src/hotspot/share/prims/jni.cpp, line 611]
Event: 185.799 Thread 0x0000015e2ed55000 Exception <a 'java/lang/NoSuchMethodError'{0x0000000710e7d218}: java.lang.invoke.DirectMethodHandle$Holder.invokeStaticInit(Ljava/lang/Object;Ljava/lang/Object;Ljava/lang/Object;Ljava/lang/Object;Ljava/lang/Object;Ljava/lang/Object;)Ljava/lang/Object;> (0
Event: 186.319 Thread 0x0000015e2ed55000 Exception <a 'java/lang/ClassNotFoundException'{0x00000007105af708}: java/lang/ObjectCustomizer> (0x00000007105af708) thrown at [./open/src/hotspot/share/classfile/systemDictionary.cpp, line 226]
Event: 186.325 Thread 0x0000015e2ed55000 Exception <a 'java/lang/ClassNotFoundException'{0x00000007105c3e70}: com/mbafour/mba/dto/BookDtoCustomizer> (0x00000007105c3e70) thrown at [./open/src/hotspot/share/classfile/systemDictionary.cpp, line 226]
Event: 186.328 Thread 0x0000015e2ed55000 Exception <a 'java/lang/ClassNotFoundException'{0x00000007105ddd10}: java/lang/ObjectCustomizer> (0x00000007105ddd10) thrown at [./open/src/hotspot/share/classfile/systemDictionary.cpp, line 226]
Event: 186.335 Thread 0x0000015e2ed55000 Exception <a 'java/lang/ClassNotFoundException'{0x00000007105f3c70}: com/mbafour/mba/domain/entity/BookEntityCustomizer> (0x00000007105f3c70) thrown at [./open/src/hotspot/share/classfile/systemDictionary.cpp, line 226]
Event: 13452.300 Thread 0x0000015e2f036800 Exception <a 'java/lang/ClassNotFoundException'{0x000000070c49b138}: java/lang/ObjectCustomizer> (0x000000070c49b138) thrown at [./open/src/hotspot/share/classfile/systemDictionary.cpp, line 226]
Event: 13452.312 Thread 0x0000015e2f036800 Exception <a 'java/lang/ClassNotFoundException'{0x000000070c4b2428}: com/mbafour/mba/domain/entity/AuctionEntityCustomizer> (0x000000070c4b2428) thrown at [./open/src/hotspot/share/classfile/systemDictionary.cpp, line 226]

Events (10 events):
Event: 18352.638 Executing VM operation: RevokeBias done
Event: 18352.650 Executing VM operation: RevokeBias
Event: 18352.650 Executing VM operation: RevokeBias done
Event: 18357.401 Executing VM operation: BulkRevokeBias
Event: 18357.402 Executing VM operation: BulkRevokeBias done
Event: 18408.335 loading class java/io/EOFException
Event: 18408.335 loading class java/io/EOFException done
Event: 19656.424 Thread 0x0000015e2f035000 Thread added: 0x0000015e2f035000
Event: 19656.425 Thread 0x0000015e2f03b800 Thread added: 0x0000015e2f03b800
Event: 19656.425 Executing VM operation: G1CollectForAllocation


Dynamic libraries:
0x00007ff6b2890000 - 0x00007ff6b289f000 	C:\Program Files\Java\jdk-11.0.14\bin\java.exe
0x00007fff59190000 - 0x00007fff59385000 	C:\WINDOWS\SYSTEM32\ntdll.dll
0x00007fff58640000 - 0x00007fff586fe000 	C:\WINDOWS\System32\KERNEL32.DLL
0x00007fff56b90000 - 0x00007fff56e58000 	C:\WINDOWS\System32\KERNELBASE.dll
0x00007fff56e90000 - 0x00007fff56f90000 	C:\WINDOWS\System32\ucrtbase.dll
0x00007fff2dca0000 - 0x00007fff2dcb8000 	C:\Program Files\Java\jdk-11.0.14\bin\jli.dll
0x00007fff2c8c0000 - 0x00007fff2c8d5000 	C:\Program Files\Java\jdk-11.0.14\bin\VCRUNTIME140.dll
0x00007fff587a0000 - 0x00007fff5884e000 	C:\WINDOWS\System32\ADVAPI32.dll
0x00007fff58900000 - 0x00007fff5899e000 	C:\WINDOWS\System32\msvcrt.dll
0x00007fff58700000 - 0x00007fff5879c000 	C:\WINDOWS\System32\sechost.dll
0x00007fff584a0000 - 0x00007fff585c5000 	C:\WINDOWS\System32\RPCRT4.dll
0x00007fff577a0000 - 0x00007fff57940000 	C:\WINDOWS\System32\USER32.dll
0x00007fff56f90000 - 0x00007fff56fb2000 	C:\WINDOWS\System32\win32u.dll
0x00007fff3cf70000 - 0x00007fff3d20a000 	C:\WINDOWS\WinSxS\amd64_microsoft.windows.common-controls_6595b64144ccf1df_6.0.19041.1110_none_60b5254171f9507e\COMCTL32.dll
0x00007fff58f00000 - 0x00007fff58f2b000 	C:\WINDOWS\System32\GDI32.dll
0x00007fff57060000 - 0x00007fff5716d000 	C:\WINDOWS\System32\gdi32full.dll
0x00007fff56fc0000 - 0x00007fff5705d000 	C:\WINDOWS\System32\msvcp_win.dll
0x00007fff4e9a0000 - 0x00007fff4e9aa000 	C:\WINDOWS\SYSTEM32\VERSION.dll
0x00007fff57260000 - 0x00007fff57290000 	C:\WINDOWS\System32\IMM32.DLL
0x00007ffedfb30000 - 0x00007ffedfbcb000 	C:\Program Files\Java\jdk-11.0.14\bin\msvcp140.dll
0x00007ffedaec0000 - 0x00007ffedb9d6000 	C:\Program Files\Java\jdk-11.0.14\bin\server\jvm.dll
0x00007fff579f0000 - 0x00007fff579f8000 	C:\WINDOWS\System32\PSAPI.DLL
0x00007fff51320000 - 0x00007fff51329000 	C:\WINDOWS\SYSTEM32\WSOCK32.dll
0x00007fff449e0000 - 0x00007fff44a07000 	C:\WINDOWS\SYSTEM32\WINMM.dll
0x00007fff585d0000 - 0x00007fff5863b000 	C:\WINDOWS\System32\WS2_32.dll
0x00007fff550e0000 - 0x00007fff550f2000 	C:\WINDOWS\SYSTEM32\kernel.appcore.dll
0x00007fff4fd10000 - 0x00007fff4fd20000 	C:\Program Files\Java\jdk-11.0.14\bin\verify.dll
0x00007fff54c60000 - 0x00007fff54e44000 	C:\WINDOWS\SYSTEM32\DBGHELP.DLL
0x00007fff54c30000 - 0x00007fff54c5c000 	C:\WINDOWS\SYSTEM32\dbgcore.DLL
0x00007fff568a0000 - 0x00007fff56922000 	C:\WINDOWS\System32\bcryptPrimitives.dll
0x00007fff22000000 - 0x00007fff22028000 	C:\Program Files\Java\jdk-11.0.14\bin\java.dll
0x00007fff4ebe0000 - 0x00007fff4ebea000 	C:\Program Files\Java\jdk-11.0.14\bin\jimage.dll
0x00007fff4d1d0000 - 0x00007fff4d1de000 	C:\Program Files\Java\jdk-11.0.14\bin\instrument.dll
0x00007fff1fba0000 - 0x00007fff1fbb6000 	C:\Program Files\Java\jdk-11.0.14\bin\zip.dll
0x00007fff57d30000 - 0x00007fff58474000 	C:\WINDOWS\System32\SHELL32.dll
0x00007fff543c0000 - 0x00007fff54b54000 	C:\WINDOWS\SYSTEM32\windows.storage.dll
0x00007fff57440000 - 0x00007fff57795000 	C:\WINDOWS\System32\combase.dll
0x00007fff56140000 - 0x00007fff5616e000 	C:\WINDOWS\SYSTEM32\Wldp.dll
0x00007fff57940000 - 0x00007fff579ed000 	C:\WINDOWS\System32\SHCORE.dll
0x00007fff57a00000 - 0x00007fff57a55000 	C:\WINDOWS\System32\shlwapi.dll
0x00007fff567e0000 - 0x00007fff567ff000 	C:\WINDOWS\SYSTEM32\profapi.dll
0x00007fff1da10000 - 0x00007fff1da29000 	C:\Program Files\Java\jdk-11.0.14\bin\net.dll
0x00007fff54240000 - 0x00007fff5434c000 	C:\WINDOWS\SYSTEM32\WINHTTP.dll
0x00007fff55f20000 - 0x00007fff55f8a000 	C:\WINDOWS\system32\mswsock.dll
0x00007fff125b0000 - 0x00007fff125c2000 	C:\Program Files\Java\jdk-11.0.14\bin\nio.dll
0x00007fff4d1b0000 - 0x00007fff4d1ca000 	C:\Program Files\JetBrains\IntelliJ IDEA 2020.3.3\bin\breakgen64.dll
0x00007fff55c70000 - 0x00007fff55d3b000 	C:\WINDOWS\SYSTEM32\DNSAPI.dll
0x00007fff55c30000 - 0x00007fff55c6b000 	C:\WINDOWS\SYSTEM32\IPHLPAPI.DLL
0x00007fff58490000 - 0x00007fff58498000 	C:\WINDOWS\System32\NSI.dll
0x00007fff46fd0000 - 0x00007fff46fda000 	C:\Windows\System32\rasadhlp.dll
0x00007fff47b80000 - 0x00007fff47bff000 	C:\WINDOWS\System32\fwpuclnt.dll
0x00007fff56e60000 - 0x00007fff56e87000 	C:\WINDOWS\System32\bcrypt.dll
0x00007fff4ff00000 - 0x00007fff4ff09000 	C:\Program Files\Java\jdk-11.0.14\bin\management.dll
0x00007fff4e830000 - 0x00007fff4e83b000 	C:\Program Files\Java\jdk-11.0.14\bin\management_ext.dll
0x00007fff56180000 - 0x00007fff56198000 	C:\WINDOWS\SYSTEM32\CRYPTSP.dll
0x00007fff558c0000 - 0x00007fff558f4000 	C:\WINDOWS\system32\rsaenh.dll
0x00007fff567a0000 - 0x00007fff567ce000 	C:\WINDOWS\SYSTEM32\USERENV.dll
0x00007fff560b0000 - 0x00007fff560bc000 	C:\WINDOWS\SYSTEM32\CRYPTBASE.dll
0x00007fff4d0d0000 - 0x00007fff4d0e7000 	C:\WINDOWS\SYSTEM32\dhcpcsvc6.DLL
0x00007fff4cb30000 - 0x00007fff4cb4d000 	C:\WINDOWS\SYSTEM32\dhcpcsvc.DLL
0x00007fff402c0000 - 0x00007fff402d7000 	C:\WINDOWS\system32\napinsp.dll
0x00007fff402a0000 - 0x00007fff402bb000 	C:\WINDOWS\system32\pnrpnsp.dll
0x00007fff50d60000 - 0x00007fff50d75000 	C:\WINDOWS\system32\wshbth.dll
0x00007fff51a70000 - 0x00007fff51a8d000 	C:\WINDOWS\system32\NLAapi.dll
0x00007fff3e9c0000 - 0x00007fff3e9d2000 	C:\WINDOWS\System32\winrnr.dll
0x00007ffef4630000 - 0x00007ffef4655000 	C:\Program Files\Java\jdk-11.0.14\bin\sunec.dll

dbghelp: loaded successfully - version: 4.0.5 - missing functions: none
symbol engine: initialized successfully - sym options: 0x614 - pdb path: .;C:\Program Files\Java\jdk-11.0.14\bin;C:\WINDOWS\SYSTEM32;C:\WINDOWS\WinSxS\amd64_microsoft.windows.common-controls_6595b64144ccf1df_6.0.19041.1110_none_60b5254171f9507e;C:\Program Files\Java\jdk-11.0.14\bin\server;C:\Program Files\JetBrains\IntelliJ IDEA 2020.3.3\bin

VM Arguments:
jvm_args: -XX:TieredStopAtLevel=1 -Xverify:none -Dspring.output.ansi.enabled=always -javaagent:C:\Program Files\JetBrains\IntelliJ IDEA 2020.3.3\lib\idea_rt.jar=51729:C:\Program Files\JetBrains\IntelliJ IDEA 2020.3.3\bin -Dcom.sun.management.jmxremote -Dspring.jmx.enabled=true -Dspring.liveBeansView.mbeanDomain -Dspring.application.admin.enabled=true -Dfile.encoding=UTF-8 
java_command: com.mbafour.mba.MbaApplication
java_class_path (initial): C:\Users\young\Documents\MBA\server\build\classes\java\main;C:\Users\young\Documents\MBA\server\build\resources\main;C:\Users\young\.gradle\caches\modules-2\files-2.1\org.projectlombok\lombok\1.18.22\9c08ea24c6eb714e2d6170e8122c069a0ba9aacf\lombok-1.18.22.jar;C:\Users\young\.gradle\caches\modules-2\files-2.1\org.springframework.boot\spring-boot-starter-data-jpa\2.5.9\f9a00ec937af8b2feafba5ec8a6e1fe5066959b\spring-boot-starter-data-jpa-2.5.9.jar;C:\Users\young\.gradle\caches\modules-2\files-2.1\org.springframework.boot\spring-boot-starter-security\2.5.9\2dbb998014eaea3830cc113ba364e69d756f82bb\spring-boot-starter-security-2.5.9.jar;C:\Users\young\.gradle\caches\modules-2\files-2.1\org.thymeleaf.extras\thymeleaf-extras-springsecurity5\3.0.4.RELEASE\88bb10bf73ce285208dd848e8eb17f897ebb02d4\thymeleaf-extras-springsecurity5-3.0.4.RELEASE.jar;C:\Users\young\.gradle\caches\modules-2\files-2.1\org.springframework.boot\spring-boot-starter-thymeleaf\2.5.9\fd6c50ce591bb4cbfac72c39b2d18679fef2846\spring-boot-starter-thymeleaf-2.5.9.jar;C:\Users\young\.gradle\caches\modules-2\files-2.1\org.springframework.boot\spring-boot-starter-validation\2.5.9\d7e1226c675a1a12b26311e7763b3cd2738fd72f\spring-boot-starter-validation-2.5.9.jar;C:\Users\young\.gradle\caches\modules-2\files-2.1\org.springframework.boot\spring-boot-starter-web\2.5.9\8bd1c5bea5311a6af5e3b29f7a9804d9fcccc933\spring-boot-starter-web-2.5.9.jar;C:\Users\young\.gradle\caches\modules-2\files-2.1\org.springframework.boot\spring-boot-starter\2.5.9\4aefb661f0db64129a63a3f616a700e97a3553d\spring-boot-starter-2.5.9.jar;C:\Users\young\.gradle\caches\modules-2\files-2.1\org.springframework.session\spring-session-core\2.5.4\8725b7923bd79a324be0b1e50162fb9ad2e32321\spring-session-core-2.5.4.jar;C:\Users\young\.gradle\caches\modules-2\files-2.1\io.jsonwebtoken\jjwt-jackson\0.11.2\bff0b63d4cbace7b38551a70350875e69201ffeb\jjwt-jackson-0.11.2.jar;C:\Users\young\.gradle\caches\modules-2\files-2.1\com.faster
Launcher Type: SUN_STANDARD

[Global flags]
     bool BytecodeVerificationLocal                = false                                     {product} {command line}
     bool BytecodeVerificationRemote               = false                                     {product} {command line}
     intx CICompilerCount                          = 4                                         {product} {ergonomic}
     uint ConcGCThreads                            = 2                                         {product} {ergonomic}
     uint G1ConcRefinementThreads                  = 8                                         {product} {ergonomic}
   size_t G1HeapRegionSize                         = 1048576                                   {product} {ergonomic}
    uintx GCDrainStackTargetSize                   = 64                                        {product} {ergonomic}
   size_t InitialHeapSize                          = 266338304                                 {product} {ergonomic}
     bool ManagementServer                         = true                                      {product} {command line}
   size_t MarkStackSize                            = 4194304                                   {product} {ergonomic}
   size_t MaxHeapSize                              = 4242538496                                {product} {ergonomic}
   size_t MaxNewSize                               = 2544893952                                {product} {ergonomic}
   size_t MinHeapDeltaBytes                        = 1048576                                   {product} {ergonomic}
    uintx NonNMethodCodeHeapSize                   = 7549744                                {pd product} {ergonomic}
    uintx NonProfiledCodeHeapSize                  = 244108496                              {pd product} {ergonomic}
    uintx ProfiledCodeHeapSize                     = 0                                      {pd product} {ergonomic}
    uintx ReservedCodeCacheSize                    = 251658240                              {pd product} {ergonomic}
     bool SegmentedCodeCache                       = true                                      {product} {ergonomic}
     intx TieredStopAtLevel                        = 1                                         {product} {command line}
     bool UseCompressedClassPointers               = true                                 {lp64_product} {ergonomic}
     bool UseCompressedOops                        = true                                 {lp64_product} {ergonomic}
     bool UseG1GC                                  = true                                      {product} {ergonomic}
     bool UseLargePagesIndividualAllocation        = false                                  {pd product} {ergonomic}

Logging:
Log output configuration:
 #0: stdout all=warning uptime,level,tags
 #1: stderr all=off uptime,level,tags

Environment Variables:
JAVA_HOME=C:\Program Files\Java\jdk-11.0.14
PATH=C:\Program Files\Common Files\Oracle\Java\javapath;C:\app\young\product\11.2.0\dbhome_1\bin;;C:\Program Files (x86)\Common Files\Oracle\Java\javapath;C:\Program Files\Java\jdk1.8.0_281\bin;C:\WINDOWS\system32;C:\WINDOWS;C:\WINDOWS\System32\Wbem;C:\WINDOWS\System32\WindowsPowerShell\v1.0\;C:\WINDOWS\System32\OpenSSH\;C:\Program Files\Git\cmd;C:\Program Files\nodejs\;C:\Program Files\Graphviz\bin;C:\Users\young\apache-maven-3.6.3\bin;C:\Program Files\Docker\Docker\resources\bin;C:\ProgramData\DockerDesktop\version-bin;C:\Users\young\AppData\Local\Programs\Python\Python38\Scripts\;C:\Users\young\AppData\Local\Programs\Python\Python38\;C:\Program Files\MySQL\MySQL Shell 8.0\bin\;C:\Users\young\AppData\Local\Microsoft\WindowsApps;C:\Program Files\JetBrains\IntelliJ IDEA 2020.3.3\bin;;C:\Users\young\AppData\Roaming\npm;C:\Program Files\Java\jdk-11.0.14\bin;C:\ProgramData\young\GitHubDesktop\bin;C:\Program Files\Graphviz\bin;C:\Program Files\nodejs;;C:\Users\young\AppData\Local\Programs\Microsoft VS Code\bin
USERNAME=young
OS=Windows_NT
PROCESSOR_IDENTIFIER=Intel64 Family 6 Model 142 Stepping 11, GenuineIntel



---------------  S Y S T E M  ---------------

OS: Windows 10 , 64 bit Build 19041 (10.0.19041.1503)
Hyper-V role detected

CPU:total 8 (initial active 8) (4 cores per cpu, 2 threads per core) family 6 model 142 stepping 11 microcode 0xae, cmov, cx8, fxsr, mmx, sse, sse2, sse3, ssse3, sse4.1, sse4.2, popcnt, avx, avx2, aes, clmul, erms, 3dnowpref, lzcnt, ht, tsc, tscinvbit, bmi1, bmi2, adx, fma

Memory: 4k page, system-wide physical 16178M (1313M free)
TotalPageFile size 33586M (AvailPageFile size 11096M)
current process WorkingSet (physical memory assigned to process): 301M, peak: 301M
current process commit charge ("private bytes"): 441M, peak: 441M

vm_info: Java HotSpot(TM) 64-Bit Server VM (11.0.14+8-LTS-263) for windows-amd64 JRE (11.0.14+8-LTS-263), built on Dec  7 2021 21:53:57 by "mach5one" with MS VC++ 15.9 (VS2017)

END.
